2024-05-24 21:53:13,589 - INFO - Logging initialized
2024-05-24 21:53:25,171 - INFO - Logging initialized
2024-05-24 21:58:41,105 - INFO - Logging initialized
2024-05-24 21:58:43,356 - DEBUG - Derived key: b'ohoRH3ZAaClSanIbVeHhinshI8iXyvA-jK87kM_jxCg='
2024-05-24 21:58:43,404 - DEBUG - Derived key: b'ohoRH3ZAaClSanIbVeHhinshI8iXyvA-jK87kM_jxCg='
2024-05-24 21:58:43,404 - DEBUG - Stored new key: b'ohoRH3ZAaClSanIbVeHhinshI8iXyvA-jK87kM_jxCg='
2024-05-24 21:58:43,404 - INFO - Loaded key with KDF
2024-05-24 21:58:49,107 - INFO - Logging initialized
2024-05-24 21:58:55,247 - DEBUG - Derived key: b'ohoRH3ZAaClSanIbVeHhinshI8iXyvA-jK87kM_jxCg='
2024-05-24 21:58:55,294 - DEBUG - Derived key: b'ohoRH3ZAaClSanIbVeHhinshI8iXyvA-jK87kM_jxCg='
2024-05-24 21:58:55,294 - DEBUG - Stored key: b'ohoRH3ZAaClSanIbVeHhinshI8iXyvA-jK87kM_jxCg='
2024-05-24 21:58:55,294 - DEBUG - Derived key: b'ohoRH3ZAaClSanIbVeHhinshI8iXyvA-jK87kM_jxCg='
2024-05-24 21:58:55,294 - INFO - Loaded key with KDF
2024-05-24 21:58:55,295 - INFO - Running periodic key rotation
2024-05-24 21:58:55,295 - INFO - Periodic task thread started: True
2024-05-25 09:35:02,165 - INFO - Logging initialized
2024-05-25 09:35:04,540 - DEBUG - Derived key: b'ohoRH3ZAaClSanIbVeHhinshI8iXyvA-jK87kM_jxCg='
2024-05-25 09:35:04,589 - DEBUG - Derived key: b'ohoRH3ZAaClSanIbVeHhinshI8iXyvA-jK87kM_jxCg='
2024-05-25 09:35:04,589 - DEBUG - Stored new key: b'ohoRH3ZAaClSanIbVeHhinshI8iXyvA-jK87kM_jxCg='
2024-05-25 09:35:04,589 - INFO - Loaded key with KDF
2024-05-25 09:35:07,556 - INFO - Logging initialized
2024-05-25 09:42:42,023 - INFO - Logging initialized
2024-05-25 09:49:20,023 - INFO - Logging initialized
2024-05-25 10:08:20,030 - INFO - Logging initialized
2024-05-25 10:11:48,224 - INFO - Logging initialized
2024-05-25 10:20:53,649 - INFO - Logging initialized
2024-05-25 11:06:33,248 - INFO - Logging initialized
2024-05-25 11:13:56,938 - INFO - Logging initialized
2024-05-25 11:13:59,098 - DEBUG - Derived key: b'ohoRH3ZAaClSanIbVeHhinshI8iXyvA-jK87kM_jxCg='
2024-05-25 11:13:59,098 - DEBUG - Stored new key: b'ohoRH3ZAaClSanIbVeHhinshI8iXyvA-jK87kM_jxCg='
2024-05-25 11:13:59,098 - INFO - Loaded key with KDF
2024-05-25 11:14:01,441 - INFO - Logging initialized
2024-05-25 11:16:38,463 - INFO - Logging initialized
2024-05-25 11:16:41,010 - DEBUG - Derived key: b'ohoRH3ZAaClSanIbVeHhinshI8iXyvA-jK87kM_jxCg='
2024-05-25 11:16:41,011 - DEBUG - Stored key: b'ohoRH3ZAaClSanIbVeHhinshI8iXyvA-jK87kM_jxCg='
2024-05-25 11:16:41,011 - DEBUG - Derived key: b'ohoRH3ZAaClSanIbVeHhinshI8iXyvA-jK87kM_jxCg='
2024-05-25 11:16:41,011 - INFO - Loaded key with KDF
2024-05-25 11:16:42,722 - INFO - Logging initialized
2024-05-25 11:16:44,860 - DEBUG - Derived key: b'ohoRH3ZAaClSanIbVeHhinshI8iXyvA-jK87kM_jxCg='
2024-05-25 11:16:44,860 - DEBUG - Stored key: b'ohoRH3ZAaClSanIbVeHhinshI8iXyvA-jK87kM_jxCg='
2024-05-25 11:16:44,860 - DEBUG - Derived key: b'ohoRH3ZAaClSanIbVeHhinshI8iXyvA-jK87kM_jxCg='
2024-05-25 11:16:44,860 - INFO - Loaded key with KDF
2024-05-25 11:20:40,631 - INFO - Logging initialized
2024-05-25 11:20:43,172 - DEBUG - Derived key: b'ohoRH3ZAaClSanIbVeHhinshI8iXyvA-jK87kM_jxCg='
2024-05-25 11:20:43,172 - DEBUG - Stored new key: b'ohoRH3ZAaClSanIbVeHhinshI8iXyvA-jK87kM_jxCg='
2024-05-25 11:20:43,172 - INFO - Loaded key with KDF
2024-05-25 11:20:48,563 - DEBUG - Derived key: b'ohoRH3ZAaClSanIbVeHhinshI8iXyvA-jK87kM_jxCg='
2024-05-25 11:20:48,564 - DEBUG - Stored key: b'ohoRH3ZAaClSanIbVeHhinshI8iXyvA-jK87kM_jxCg='
2024-05-25 11:20:48,564 - DEBUG - Derived key: b'ohoRH3ZAaClSanIbVeHhinshI8iXyvA-jK87kM_jxCg='
2024-05-25 11:20:48,564 - INFO - Loaded key with KDF
2024-05-25 11:20:48,564 - INFO - Running periodic key rotation
2024-05-25 11:20:48,564 - INFO - Periodic task thread started: True
2024-05-25 11:20:50,423 - INFO - Logging initialized
2024-05-25 11:20:52,606 - DEBUG - Derived key: b'ohoRH3ZAaClSanIbVeHhinshI8iXyvA-jK87kM_jxCg='
2024-05-25 11:20:52,606 - DEBUG - Stored key: b'ohoRH3ZAaClSanIbVeHhinshI8iXyvA-jK87kM_jxCg='
2024-05-25 11:20:52,606 - DEBUG - Derived key: b'ohoRH3ZAaClSanIbVeHhinshI8iXyvA-jK87kM_jxCg='
2024-05-25 11:20:52,606 - INFO - Loaded key with KDF
2024-05-25 11:20:57,800 - INFO - Logging initialized
2024-05-25 11:21:43,278 - INFO - Logging initialized
2024-05-25 11:21:45,470 - DEBUG - Derived key: b'ohoRH3ZAaClSanIbVeHhinshI8iXyvA-jK87kM_jxCg='
2024-05-25 11:21:45,471 - DEBUG - Stored key: b'ohoRH3ZAaClSanIbVeHhinshI8iXyvA-jK87kM_jxCg='
2024-05-25 11:21:45,471 - DEBUG - Derived key: b'ohoRH3ZAaClSanIbVeHhinshI8iXyvA-jK87kM_jxCg='
2024-05-25 11:21:45,471 - INFO - Loaded key with KDF
2024-05-25 11:21:49,971 - INFO - Logging initialized
2024-05-25 11:21:52,738 - DEBUG - Derived key: b'ohoRH3ZAaClSanIbVeHhinshI8iXyvA-jK87kM_jxCg='
2024-05-25 11:21:52,739 - DEBUG - Stored key: b'ohoRH3ZAaClSanIbVeHhinshI8iXyvA-jK87kM_jxCg='
2024-05-25 11:21:52,739 - DEBUG - Derived key: b'ohoRH3ZAaClSanIbVeHhinshI8iXyvA-jK87kM_jxCg='
2024-05-25 11:21:52,739 - INFO - Loaded key with KDF
2024-05-25 11:29:52,622 - INFO - Logging initialized
2024-05-25 11:29:54,615 - DEBUG - Derived key: b'ohoRH3ZAaClSanIbVeHhinshI8iXyvA-jK87kM_jxCg='
2024-05-25 11:29:54,616 - DEBUG - Stored key: b'ohoRH3ZAaClSanIbVeHhinshI8iXyvA-jK87kM_jxCg='
2024-05-25 11:29:54,616 - DEBUG - Derived key: b'ohoRH3ZAaClSanIbVeHhinshI8iXyvA-jK87kM_jxCg='
2024-05-25 11:29:54,616 - INFO - Loaded key with KDF
2024-05-25 11:29:55,746 - INFO - Logging initialized
2024-05-25 11:29:58,009 - DEBUG - Derived key: b'ohoRH3ZAaClSanIbVeHhinshI8iXyvA-jK87kM_jxCg='
2024-05-25 11:29:58,009 - DEBUG - Stored key: b'ohoRH3ZAaClSanIbVeHhinshI8iXyvA-jK87kM_jxCg='
2024-05-25 11:29:58,009 - DEBUG - Derived key: b'ohoRH3ZAaClSanIbVeHhinshI8iXyvA-jK87kM_jxCg='
2024-05-25 11:29:58,009 - INFO - Loaded key with KDF
2024-05-25 11:30:00,808 - INFO - Logging initialized
2024-05-25 11:30:03,101 - DEBUG - Derived key: b'ohoRH3ZAaClSanIbVeHhinshI8iXyvA-jK87kM_jxCg='
2024-05-25 11:30:03,101 - DEBUG - Stored key: b'ohoRH3ZAaClSanIbVeHhinshI8iXyvA-jK87kM_jxCg='
2024-05-25 11:30:03,101 - DEBUG - Derived key: b'ohoRH3ZAaClSanIbVeHhinshI8iXyvA-jK87kM_jxCg='
2024-05-25 11:30:03,101 - INFO - Loaded key with KDF
2024-05-25 11:59:33,234 - INFO - Logging initialized
2024-05-25 11:59:35,301 - DEBUG - Derived key: b'ohoRH3ZAaClSanIbVeHhinshI8iXyvA-jK87kM_jxCg='
2024-05-25 11:59:35,302 - DEBUG - Stored key: b'ohoRH3ZAaClSanIbVeHhinshI8iXyvA-jK87kM_jxCg='
2024-05-25 11:59:35,302 - DEBUG - Derived key: b'ohoRH3ZAaClSanIbVeHhinshI8iXyvA-jK87kM_jxCg='
2024-05-25 11:59:35,302 - INFO - Loaded key with KDF
2024-05-25 11:59:36,835 - INFO - Logging initialized
2024-05-25 11:59:39,131 - DEBUG - Derived key: b'ohoRH3ZAaClSanIbVeHhinshI8iXyvA-jK87kM_jxCg='
2024-05-25 11:59:39,131 - DEBUG - Stored key: b'ohoRH3ZAaClSanIbVeHhinshI8iXyvA-jK87kM_jxCg='
2024-05-25 11:59:39,131 - DEBUG - Derived key: b'ohoRH3ZAaClSanIbVeHhinshI8iXyvA-jK87kM_jxCg='
2024-05-25 11:59:39,131 - INFO - Loaded key with KDF
2024-05-25 11:59:42,349 - INFO - Logging initialized
2024-05-25 11:59:44,486 - DEBUG - Derived key: b'ohoRH3ZAaClSanIbVeHhinshI8iXyvA-jK87kM_jxCg='
2024-05-25 11:59:44,486 - DEBUG - Stored key: b'ohoRH3ZAaClSanIbVeHhinshI8iXyvA-jK87kM_jxCg='
2024-05-25 11:59:44,486 - DEBUG - Derived key: b'ohoRH3ZAaClSanIbVeHhinshI8iXyvA-jK87kM_jxCg='
2024-05-25 11:59:44,486 - INFO - Loaded key with KDF
2024-05-25 12:06:40,315 - INFO - Logging initialized
2024-05-25 12:06:42,780 - DEBUG - Derived key: b'ohoRH3ZAaClSanIbVeHhinshI8iXyvA-jK87kM_jxCg='
2024-05-25 12:06:42,780 - DEBUG - Stored new key: b'ohoRH3ZAaClSanIbVeHhinshI8iXyvA-jK87kM_jxCg='
2024-05-25 12:06:42,781 - INFO - Loaded key with KDF
2024-05-25 12:06:44,254 - INFO - Logging initialized
2024-05-25 12:06:48,072 - INFO - Logging initialized
2024-05-25 12:06:50,171 - DEBUG - Derived key: b'ohoRH3ZAaClSanIbVeHhinshI8iXyvA-jK87kM_jxCg='
2024-05-25 12:06:50,171 - DEBUG - Stored key: b'ohoRH3ZAaClSanIbVeHhinshI8iXyvA-jK87kM_jxCg='
2024-05-25 12:06:50,171 - DEBUG - Derived key: b'ohoRH3ZAaClSanIbVeHhinshI8iXyvA-jK87kM_jxCg='
2024-05-25 12:06:50,171 - INFO - Loaded key with KDF
2024-05-25 12:20:23,290 - INFO - Logging initialized
2024-05-25 12:20:44,655 - INFO - Logging initialized
2024-05-25 12:21:17,156 - INFO - Logging initialized
2024-05-25 12:21:59,524 - INFO - Logging initialized
2024-05-25 12:22:38,841 - INFO - Logging initialized
2024-05-25 12:23:57,578 - INFO - Logging initialized
2024-05-25 12:24:48,154 - INFO - Logging initialized
2024-05-25 12:25:11,703 - INFO - Logging initialized
2024-05-26 13:01:39,435 - INFO - Logging initialized
2024-05-26 13:02:35,017 - INFO - Logging initialized
2024-05-26 13:08:53,628 - INFO - Logging initialized
2024-05-26 13:09:56,504 - INFO - Logging initialized
2024-05-26 13:09:58,613 - DEBUG - Derived key: b'ohoRH3ZAaClSanIbVeHhinshI8iXyvA-jK87kM_jxCg='
2024-05-26 13:09:58,613 - DEBUG - Stored new key: b'ohoRH3ZAaClSanIbVeHhinshI8iXyvA-jK87kM_jxCg='
2024-05-26 13:09:58,613 - INFO - Loaded key with KDF
2024-05-26 13:10:00,052 - INFO - Logging initialized
2024-05-26 13:10:07,118 - INFO - Logging initialized
2024-05-26 13:12:02,401 - INFO - Logging initialized
2024-05-26 13:12:04,519 - DEBUG - Derived key: b'ohoRH3ZAaClSanIbVeHhinshI8iXyvA-jK87kM_jxCg='
2024-05-26 13:12:04,519 - DEBUG - Stored new key: b'ohoRH3ZAaClSanIbVeHhinshI8iXyvA-jK87kM_jxCg='
2024-05-26 13:12:04,519 - INFO - Loaded key with KDF
2024-05-26 13:12:06,155 - INFO - Logging initialized
2024-05-26 13:12:07,999 - DEBUG - Derived key: b'ohoRH3ZAaClSanIbVeHhinshI8iXyvA-jK87kM_jxCg='
2024-05-26 13:12:07,999 - DEBUG - Stored key: b'ohoRH3ZAaClSanIbVeHhinshI8iXyvA-jK87kM_jxCg='
2024-05-26 13:12:07,999 - DEBUG - Derived key: b'ohoRH3ZAaClSanIbVeHhinshI8iXyvA-jK87kM_jxCg='
2024-05-26 13:12:07,999 - INFO - Loaded key with KDF
2024-05-26 13:14:23,389 - INFO - Logging initialized
2024-05-26 13:14:26,903 - DEBUG - Derived key: b'ohoRH3ZAaClSanIbVeHhinshI8iXyvA-jK87kM_jxCg='
2024-05-26 13:14:26,906 - DEBUG - Stored key: b'ohoRH3ZAaClSanIbVeHhinshI8iXyvA-jK87kM_jxCg='
2024-05-26 13:14:26,907 - DEBUG - Derived key: b'ohoRH3ZAaClSanIbVeHhinshI8iXyvA-jK87kM_jxCg='
2024-05-26 13:14:26,907 - INFO - Loaded key with KDF
2024-05-26 13:14:28,604 - INFO - Logging initialized
2024-05-26 13:14:30,542 - DEBUG - Derived key: b'ohoRH3ZAaClSanIbVeHhinshI8iXyvA-jK87kM_jxCg='
2024-05-26 13:14:30,542 - DEBUG - Stored key: b'ohoRH3ZAaClSanIbVeHhinshI8iXyvA-jK87kM_jxCg='
2024-05-26 13:14:30,542 - DEBUG - Derived key: b'ohoRH3ZAaClSanIbVeHhinshI8iXyvA-jK87kM_jxCg='
2024-05-26 13:14:30,542 - INFO - Loaded key with KDF
2024-05-26 13:14:34,045 - INFO - Logging initialized
2024-05-26 13:14:36,510 - DEBUG - Derived key: b'ohoRH3ZAaClSanIbVeHhinshI8iXyvA-jK87kM_jxCg='
2024-05-26 13:14:36,510 - DEBUG - Stored key: b'ohoRH3ZAaClSanIbVeHhinshI8iXyvA-jK87kM_jxCg='
2024-05-26 13:14:36,510 - DEBUG - Derived key: b'ohoRH3ZAaClSanIbVeHhinshI8iXyvA-jK87kM_jxCg='
2024-05-26 13:14:36,510 - INFO - Loaded key with KDF
2024-05-26 13:14:40,509 - INFO - Logging initialized
2024-05-26 13:14:42,505 - INFO - Logging initialized
2024-05-26 13:17:59,849 - INFO - Logging initialized
2024-05-26 13:18:02,509 - DEBUG - Derived key: b'ohoRH3ZAaClSanIbVeHhinshI8iXyvA-jK87kM_jxCg='
2024-05-26 13:18:02,509 - DEBUG - Stored new key: b'ohoRH3ZAaClSanIbVeHhinshI8iXyvA-jK87kM_jxCg='
2024-05-26 13:18:02,509 - INFO - Loaded key with KDF
2024-05-26 13:18:04,148 - INFO - Logging initialized
2024-05-26 13:45:30,641 - INFO - Logging initialized
2024-05-26 13:45:32,717 - DEBUG - Derived key: b'ohoRH3ZAaClSanIbVeHhinshI8iXyvA-jK87kM_jxCg='
2024-05-26 13:45:32,717 - INFO - Master password stored in memory.
2024-05-26 13:45:32,764 - DEBUG - Derived key: b'ohoRH3ZAaClSanIbVeHhinshI8iXyvA-jK87kM_jxCg='
2024-05-26 13:45:32,764 - DEBUG - Stored new key: b'ohoRH3ZAaClSanIbVeHhinshI8iXyvA-jK87kM_jxCg='
2024-05-26 13:45:32,764 - INFO - Loaded key with KDF
2024-05-26 13:45:34,620 - INFO - Logging initialized
2024-05-26 13:45:36,849 - DEBUG - Derived key: b'ohoRH3ZAaClSanIbVeHhinshI8iXyvA-jK87kM_jxCg='
2024-05-26 13:45:36,850 - INFO - Master password stored in memory.
2024-05-26 13:45:36,896 - DEBUG - Derived key: b'ohoRH3ZAaClSanIbVeHhinshI8iXyvA-jK87kM_jxCg='
2024-05-26 13:45:36,896 - DEBUG - Stored key: b'ohoRH3ZAaClSanIbVeHhinshI8iXyvA-jK87kM_jxCg='
2024-05-26 13:45:36,896 - DEBUG - Derived key: b'ohoRH3ZAaClSanIbVeHhinshI8iXyvA-jK87kM_jxCg='
2024-05-26 13:45:36,896 - INFO - Loaded key with KDF
2024-05-26 13:45:38,726 - INFO - Logging initialized
2024-05-26 13:45:41,380 - DEBUG - Derived key: b'ohoRH3ZAaClSanIbVeHhinshI8iXyvA-jK87kM_jxCg='
2024-05-26 13:45:41,381 - INFO - Master password stored in memory.
2024-05-26 13:45:41,427 - DEBUG - Derived key: b'ohoRH3ZAaClSanIbVeHhinshI8iXyvA-jK87kM_jxCg='
2024-05-26 13:45:41,427 - DEBUG - Stored key: b'ohoRH3ZAaClSanIbVeHhinshI8iXyvA-jK87kM_jxCg='
2024-05-26 13:45:41,427 - DEBUG - Derived key: b'ohoRH3ZAaClSanIbVeHhinshI8iXyvA-jK87kM_jxCg='
2024-05-26 13:45:41,427 - INFO - Loaded key with KDF
2024-05-26 14:01:05,961 - INFO - Logging initialized
2024-05-26 14:01:08,240 - DEBUG - Derived key: b'ohoRH3ZAaClSanIbVeHhinshI8iXyvA-jK87kM_jxCg='
2024-05-26 14:01:08,240 - INFO - Master password stored in memory.
2024-05-26 14:01:08,286 - DEBUG - Derived key: b'ohoRH3ZAaClSanIbVeHhinshI8iXyvA-jK87kM_jxCg='
2024-05-26 14:01:08,287 - DEBUG - Stored key: b'ohoRH3ZAaClSanIbVeHhinshI8iXyvA-jK87kM_jxCg='
2024-05-26 14:01:08,287 - DEBUG - Derived key: b'ohoRH3ZAaClSanIbVeHhinshI8iXyvA-jK87kM_jxCg='
2024-05-26 14:01:08,287 - INFO - Loaded key with KDF
2024-05-26 14:01:09,378 - INFO - Logging initialized
2024-05-26 14:01:11,711 - DEBUG - Derived key: b'ohoRH3ZAaClSanIbVeHhinshI8iXyvA-jK87kM_jxCg='
2024-05-26 14:01:11,711 - INFO - Master password stored in memory.
2024-05-26 14:01:11,758 - DEBUG - Derived key: b'ohoRH3ZAaClSanIbVeHhinshI8iXyvA-jK87kM_jxCg='
2024-05-26 14:01:11,758 - DEBUG - Stored key: b'ohoRH3ZAaClSanIbVeHhinshI8iXyvA-jK87kM_jxCg='
2024-05-26 14:01:11,758 - DEBUG - Derived key: b'ohoRH3ZAaClSanIbVeHhinshI8iXyvA-jK87kM_jxCg='
2024-05-26 14:01:11,758 - INFO - Loaded key with KDF
2024-05-26 14:08:21,780 - INFO - Logging initialized
2024-05-26 14:08:23,791 - DEBUG - Derived key: b'ohoRH3ZAaClSanIbVeHhinshI8iXyvA-jK87kM_jxCg='
2024-05-26 14:08:23,791 - INFO - Master password stored in memory.
2024-05-26 14:08:53,485 - INFO - Logging initialized
2024-05-26 14:08:55,500 - DEBUG - Derived key: b'ohoRH3ZAaClSanIbVeHhinshI8iXyvA-jK87kM_jxCg='
2024-05-26 14:08:55,500 - INFO - Master password stored in memory.
2024-05-26 14:08:55,546 - DEBUG - Derived key: b'ohoRH3ZAaClSanIbVeHhinshI8iXyvA-jK87kM_jxCg='
2024-05-26 14:08:55,547 - DEBUG - Stored key: b'ohoRH3ZAaClSanIbVeHhinshI8iXyvA-jK87kM_jxCg='
2024-05-26 14:08:55,547 - DEBUG - Derived key: b'ohoRH3ZAaClSanIbVeHhinshI8iXyvA-jK87kM_jxCg='
2024-05-26 14:08:55,547 - INFO - Loaded key with KDF
2024-05-26 14:08:57,607 - INFO - Logging initialized
2024-05-26 14:09:00,663 - DEBUG - Derived key: b'N-NwufGMcF7-e8ri6Zv8HpXqtgsbLgn0HZkNdqsoqcs='
2024-05-26 14:09:00,663 - INFO - Master password stored in memory.
2024-05-26 14:09:00,710 - DEBUG - Derived key: b'N-NwufGMcF7-e8ri6Zv8HpXqtgsbLgn0HZkNdqsoqcs='
2024-05-26 14:09:00,711 - DEBUG - Stored key: b'ohoRH3ZAaClSanIbVeHhinshI8iXyvA-jK87kM_jxCg='
2024-05-26 14:09:00,711 - DEBUG - Derived key: b'N-NwufGMcF7-e8ri6Zv8HpXqtgsbLgn0HZkNdqsoqcs='
2024-05-26 14:09:00,711 - ERROR - Derived key does not match stored key
2024-05-26 14:09:05,112 - INFO - Logging initialized
2024-05-26 14:09:06,067 - DEBUG - Derived key: b'N-NwufGMcF7-e8ri6Zv8HpXqtgsbLgn0HZkNdqsoqcs='
2024-05-26 14:09:06,068 - INFO - Master password stored in memory.
2024-05-26 14:09:06,115 - DEBUG - Derived key: b'N-NwufGMcF7-e8ri6Zv8HpXqtgsbLgn0HZkNdqsoqcs='
2024-05-26 14:09:06,115 - DEBUG - Stored key: b'ohoRH3ZAaClSanIbVeHhinshI8iXyvA-jK87kM_jxCg='
2024-05-26 14:09:06,115 - DEBUG - Derived key: b'N-NwufGMcF7-e8ri6Zv8HpXqtgsbLgn0HZkNdqsoqcs='
2024-05-26 14:09:06,115 - ERROR - Derived key does not match stored key
2024-05-26 14:14:23,857 - INFO - Logging initialized
2024-05-26 14:14:26,305 - DEBUG - Derived key: b'ohoRH3ZAaClSanIbVeHhinshI8iXyvA-jK87kM_jxCg='
2024-05-26 14:14:26,305 - INFO - Master password stored in memory.
2024-05-26 14:14:26,352 - DEBUG - Derived key: b'ohoRH3ZAaClSanIbVeHhinshI8iXyvA-jK87kM_jxCg='
2024-05-26 14:14:26,352 - DEBUG - Stored new key: b'ohoRH3ZAaClSanIbVeHhinshI8iXyvA-jK87kM_jxCg='
2024-05-26 14:14:26,352 - INFO - Loaded key with KDF
2024-05-26 14:14:27,693 - INFO - Logging initialized
2024-05-26 16:08:02,297 - INFO - Logging initialized
2024-05-26 16:08:04,562 - INFO - Master password stored in encrypted form on disk.
2024-05-26 16:08:04,609 - DEBUG - Derived key: b'ohoRH3ZAaClSanIbVeHhinshI8iXyvA-jK87kM_jxCg='
2024-05-26 16:08:04,609 - INFO - Master password stored.
2024-05-26 16:08:08,362 - INFO - Logging initialized
2024-05-26 16:08:08,480 - DEBUG - Derived key: b'ohoRH3ZAaClSanIbVeHhinshI8iXyvA-jK87kM_jxCg='
2024-05-26 16:08:11,877 - INFO - Logging initialized
2024-05-26 16:11:18,920 - INFO - Logging initialized
2024-05-26 16:11:32,242 - INFO - Logging initialized
2024-05-26 16:11:34,289 - INFO - Master password stored in encrypted form on disk.
2024-05-26 16:11:34,336 - DEBUG - Derived key: b'ohoRH3ZAaClSanIbVeHhinshI8iXyvA-jK87kM_jxCg='
2024-05-26 16:11:34,336 - INFO - Master password stored.
2024-05-26 16:11:35,573 - INFO - Logging initialized
2024-05-26 16:11:38,657 - INFO - Logging initialized
2024-05-26 16:11:38,772 - DEBUG - Derived key: b'ohoRH3ZAaClSanIbVeHhinshI8iXyvA-jK87kM_jxCg='
2024-05-26 16:11:45,201 - INFO - Logging initialized
2024-05-26 16:11:50,091 - INFO - Logging initialized
2024-05-26 16:11:50,209 - DEBUG - Derived key: b'ohoRH3ZAaClSanIbVeHhinshI8iXyvA-jK87kM_jxCg='
2024-05-26 16:11:52,343 - INFO - Logging initialized
2024-05-26 16:11:52,459 - DEBUG - Derived key: b'ohoRH3ZAaClSanIbVeHhinshI8iXyvA-jK87kM_jxCg='
2024-05-26 16:11:57,135 - INFO - Logging initialized
2024-05-26 16:11:59,646 - INFO - Logging initialized
2024-05-26 16:11:59,760 - DEBUG - Derived key: b'ohoRH3ZAaClSanIbVeHhinshI8iXyvA-jK87kM_jxCg='
2024-05-26 16:17:22,986 - INFO - Logging initialized
2024-05-26 16:17:25,387 - INFO - Master password stored in encrypted form on disk.
2024-05-26 16:17:25,435 - DEBUG - Derived key: b'ohoRH3ZAaClSanIbVeHhinshI8iXyvA-jK87kM_jxCg='
2024-05-26 16:17:25,435 - INFO - Master password stored.
2024-05-26 16:17:28,308 - INFO - Logging initialized
2024-05-26 16:17:28,425 - DEBUG - Derived key: b'ohoRH3ZAaClSanIbVeHhinshI8iXyvA-jK87kM_jxCg='
2024-05-26 16:17:57,272 - INFO - Logging initialized
2024-05-26 16:17:57,390 - DEBUG - Derived key: b'ohoRH3ZAaClSanIbVeHhinshI8iXyvA-jK87kM_jxCg='
2024-05-26 16:19:38,730 - INFO - Logging initialized
2024-05-26 16:19:40,908 - INFO - Master password stored in encrypted form on disk.
2024-05-26 16:19:40,957 - DEBUG - Derived key: b'ohoRH3ZAaClSanIbVeHhinshI8iXyvA-jK87kM_jxCg='
2024-05-26 16:19:40,957 - INFO - Master password stored.
2024-05-26 16:19:43,481 - INFO - Logging initialized
2024-05-26 16:19:43,598 - DEBUG - Derived key: b'ohoRH3ZAaClSanIbVeHhinshI8iXyvA-jK87kM_jxCg='
2024-05-26 16:19:43,645 - DEBUG - Derived key: b'ohoRH3ZAaClSanIbVeHhinshI8iXyvA-jK87kM_jxCg='
2024-05-26 16:23:03,817 - INFO - Logging initialized
2024-05-26 16:23:03,954 - DEBUG - Derived key: b'ohoRH3ZAaClSanIbVeHhinshI8iXyvA-jK87kM_jxCg='
2024-05-26 16:23:06,695 - INFO - Logging initialized
2024-05-26 16:23:06,812 - DEBUG - Derived key: b'ohoRH3ZAaClSanIbVeHhinshI8iXyvA-jK87kM_jxCg='
2024-05-26 16:26:21,522 - INFO - Logging initialized
2024-05-26 16:26:23,660 - INFO - Master password stored in encrypted form on disk.
2024-05-26 16:26:23,708 - DEBUG - Derived key: b'ohoRH3ZAaClSanIbVeHhinshI8iXyvA-jK87kM_jxCg='
2024-05-26 16:26:23,708 - INFO - Master password stored.
2024-05-26 16:26:26,274 - INFO - Logging initialized
2024-05-26 16:26:30,026 - DEBUG - Derived key: b'ohoRH3ZAaClSanIbVeHhinshI8iXyvA-jK87kM_jxCg='
2024-05-26 16:26:36,319 - INFO - Logging initialized
2024-05-26 16:26:36,436 - DEBUG - Derived key: b'ohoRH3ZAaClSanIbVeHhinshI8iXyvA-jK87kM_jxCg='
2024-05-26 16:28:16,749 - INFO - Logging initialized
2024-05-26 16:28:19,033 - INFO - Master password stored in encrypted form on disk.
2024-05-26 16:28:19,082 - DEBUG - Derived key: b'ohoRH3ZAaClSanIbVeHhinshI8iXyvA-jK87kM_jxCg='
2024-05-26 16:28:19,082 - INFO - Master password stored.
2024-05-26 16:29:18,777 - INFO - Logging initialized
2024-05-26 16:29:20,965 - INFO - Master password stored in encrypted form on disk.
2024-05-26 16:29:21,014 - DEBUG - Derived key: b'ohoRH3ZAaClSanIbVeHhinshI8iXyvA-jK87kM_jxCg='
2024-05-26 16:29:21,014 - INFO - Master password stored.
2024-05-26 16:29:28,550 - INFO - Logging initialized
2024-05-26 16:29:28,671 - DEBUG - Derived key: b'ohoRH3ZAaClSanIbVeHhinshI8iXyvA-jK87kM_jxCg='
2024-05-26 16:29:33,766 - INFO - Logging initialized
2024-05-26 16:29:33,886 - DEBUG - Derived key: b'ohoRH3ZAaClSanIbVeHhinshI8iXyvA-jK87kM_jxCg='
2024-05-26 16:35:05,115 - INFO - Logging initialized
2024-05-26 16:35:05,249 - DEBUG - Derived key: b'ohoRH3ZAaClSanIbVeHhinshI8iXyvA-jK87kM_jxCg='
2024-05-26 16:35:05,250 - INFO - Re-encryption completed for directory: /Users/christopherjiang/.password_manager/data
2024-05-26 16:37:48,112 - INFO - Logging initialized
2024-05-26 16:38:00,226 - INFO - Logging initialized
2024-05-26 16:38:02,283 - INFO - Master password stored in encrypted form on disk.
2024-05-26 16:38:02,332 - DEBUG - Derived key: b'ohoRH3ZAaClSanIbVeHhinshI8iXyvA-jK87kM_jxCg='
2024-05-26 16:38:02,332 - INFO - Master password stored.
2024-05-26 16:38:03,690 - INFO - Logging initialized
2024-05-26 16:38:45,316 - INFO - Logging initialized
2024-05-26 16:38:47,228 - INFO - Master password stored in encrypted form on disk.
2024-05-26 16:38:47,276 - DEBUG - Derived key: b'ohoRH3ZAaClSanIbVeHhinshI8iXyvA-jK87kM_jxCg='
2024-05-26 16:38:47,276 - INFO - Master password stored.
2024-05-26 16:38:55,650 - INFO - Logging initialized
2024-05-26 16:38:55,767 - DEBUG - Derived key: b'ohoRH3ZAaClSanIbVeHhinshI8iXyvA-jK87kM_jxCg='
2024-05-26 16:39:00,040 - INFO - Logging initialized
2024-05-26 16:39:00,157 - DEBUG - Derived key: b'ohoRH3ZAaClSanIbVeHhinshI8iXyvA-jK87kM_jxCg='
2024-05-26 17:09:11,021 - INFO - Logging initialized
2024-05-26 17:09:13,231 - INFO - Master password stored in encrypted form on disk.
2024-05-26 17:09:13,279 - DEBUG - Derived key: b'm-MZcHACFHcqXbFDyVrqqRHC8BbPKkZrJJGW0FxzJK4='
2024-05-26 17:09:13,279 - INFO - Master password stored.
2024-05-26 17:09:14,700 - INFO - Logging initialized
2024-05-26 17:10:15,091 - INFO - Logging initialized
2024-05-26 17:10:17,193 - INFO - Master password stored in encrypted form on disk.
2024-05-26 17:10:17,242 - DEBUG - Derived key: b'wWDUVtvqolmetpUXEw2IiVkbgm9h3TZslAwdMZ7g8jo='
2024-05-26 17:10:17,242 - INFO - Master password stored.
2024-05-26 17:10:26,729 - INFO - Logging initialized
2024-05-27 10:02:17,498 - INFO - Logging initialized
2024-05-27 10:02:21,125 - INFO - Master password stored in encrypted form on disk.
2024-05-27 10:02:21,198 - DEBUG - Derived key: b'Uj0n5eMzPjD7jU1G6CfNA9ZfYFZavBkeTk-3ttNy5JQ='
2024-05-27 10:02:21,198 - INFO - Master password stored.
2024-05-27 10:02:25,686 - INFO - Logging initialized
2024-05-27 10:02:28,298 - INFO - Logging initialized
2024-05-27 10:02:30,679 - INFO - Logging initialized
2024-05-27 10:02:30,854 - INFO - Logging initialized
2024-05-27 10:02:31,004 - INFO - Logging initialized
2024-05-27 10:14:46,762 - INFO - Logging initialized
2024-05-27 10:14:52,794 - INFO - Logging initialized
2024-05-27 10:14:55,975 - INFO - Logging initialized
2024-05-27 10:15:02,101 - INFO - Logging initialized
2024-05-27 10:15:37,073 - INFO - Logging initialized
2024-05-27 10:20:38,739 - INFO - Logging initialized
2024-05-27 10:20:40,670 - INFO - Master password stored in encrypted form on disk.
2024-05-27 10:20:40,708 - DEBUG - Derived key: b'z7jM2wVQsd1-9NeNkAIxny_gXsaCoiAADjvo5zTsNWc='
2024-05-27 10:20:40,708 - INFO - Master password stored.
2024-05-27 10:20:46,054 - INFO - Logging initialized
2024-05-27 14:33:33,487 - INFO - Logging initialized
2024-05-27 14:33:33,488 - INFO - Periodic key rotation task started.
2024-05-27 14:33:33,543 - DEBUG - Derived key: b'z7jM2wVQsd1-9NeNkAIxny_gXsaCoiAADjvo5zTsNWc='
2024-05-27 14:33:33,543 - INFO - Re-encryption completed for directory: /Users/chris/.password_manager/data
2024-05-27 14:33:33,543 - INFO - Periodic key rotation completed.
2024-05-27 14:38:34,617 - INFO - Logging initialized
2024-05-27 14:38:34,710 - INFO - Periodic key rotation task started.
2024-05-27 14:38:34,710 - INFO - Re-encryption completed for directory: /Users/chris/.password_manager/data
2024-05-27 14:38:34,710 - INFO - Periodic key rotation completed.
2024-05-27 14:38:36,539 - INFO - Master password stored in encrypted form on disk.
2024-05-27 14:38:36,579 - DEBUG - Derived key: b'_AI3iNqz6hXZrXtDijgbBNYqypaskYHg-8D6vfSU0F0='
2024-05-27 14:38:36,579 - INFO - Master password stored.
2024-05-27 14:38:41,032 - INFO - Logging initialized
2024-05-27 14:38:41,070 - INFO - Periodic key rotation task started.
2024-05-27 14:38:41,070 - INFO - Re-encryption completed for directory: /Users/chris/.password_manager/data
2024-05-27 14:38:41,070 - INFO - Periodic key rotation completed.
2024-05-27 14:38:41,114 - DEBUG - Derived key: b'_AI3iNqz6hXZrXtDijgbBNYqypaskYHg-8D6vfSU0F0='
2024-05-27 14:38:45,169 - INFO - Logging initialized
2024-05-27 14:38:45,205 - INFO - Periodic key rotation task started.
2024-05-27 14:38:45,250 - DEBUG - Derived key: b'_AI3iNqz6hXZrXtDijgbBNYqypaskYHg-8D6vfSU0F0='
2024-05-27 14:42:13,479 - INFO - Logging initialized
2024-05-27 14:42:13,518 - INFO - Periodic key rotation task started.
2024-05-27 14:42:15,575 - INFO - Master password stored in encrypted form on disk.
2024-05-27 14:42:15,615 - DEBUG - Derived key: b'BOiu_-BKBNcA0d4O1U8b3LZiH-8as6wCFE-PDSBuqow='
2024-05-27 14:42:15,615 - INFO - Master password stored.
2024-05-27 14:42:19,797 - INFO - Logging initialized
2024-05-27 14:42:19,835 - INFO - Periodic key rotation task started.
2024-05-27 14:42:19,909 - DEBUG - Derived key: b'BOiu_-BKBNcA0d4O1U8b3LZiH-8as6wCFE-PDSBuqow='
2024-05-27 14:42:19,909 - DEBUG - Derived key: b'BOiu_-BKBNcA0d4O1U8b3LZiH-8as6wCFE-PDSBuqow='
2024-05-27 14:42:19,909 - INFO - Re-encryption completed for directory: /Users/chris/.password_manager/data
2024-05-27 14:42:19,910 - INFO - Periodic key rotation completed.
2024-05-27 14:42:23,938 - INFO - Logging initialized
2024-05-27 14:42:23,974 - INFO - Periodic key rotation task started.
2024-05-27 14:42:24,018 - DEBUG - Derived key: b'BOiu_-BKBNcA0d4O1U8b3LZiH-8as6wCFE-PDSBuqow='
2024-05-27 14:42:24,051 - DEBUG - Derived key: b'BOiu_-BKBNcA0d4O1U8b3LZiH-8as6wCFE-PDSBuqow='
2024-05-27 14:42:24,052 - INFO - Re-encryption completed for directory: /Users/chris/.password_manager/data
2024-05-27 14:42:24,052 - INFO - Periodic key rotation completed.
2024-05-27 14:42:28,803 - INFO - Logging initialized
2024-05-27 14:42:28,840 - INFO - Periodic key rotation task started.
2024-05-27 14:42:30,642 - INFO - Logging initialized
2024-05-27 14:42:30,679 - INFO - Periodic key rotation task started.
2024-05-27 14:42:30,753 - DEBUG - Derived key: b'BOiu_-BKBNcA0d4O1U8b3LZiH-8as6wCFE-PDSBuqow='
2024-05-27 14:42:30,753 - DEBUG - Derived key: b'BOiu_-BKBNcA0d4O1U8b3LZiH-8as6wCFE-PDSBuqow='
2024-05-27 14:42:30,753 - INFO - Re-encryption completed for directory: /Users/chris/.password_manager/data
2024-05-27 14:42:30,753 - INFO - Periodic key rotation completed.
2024-05-27 14:42:35,165 - INFO - Logging initialized
2024-05-27 14:42:35,203 - INFO - Periodic key rotation task started.
2024-05-27 14:42:35,281 - DEBUG - Derived key: b'BOiu_-BKBNcA0d4O1U8b3LZiH-8as6wCFE-PDSBuqow='
2024-05-27 14:42:35,281 - DEBUG - Derived key: b'BOiu_-BKBNcA0d4O1U8b3LZiH-8as6wCFE-PDSBuqow='
2024-05-27 14:42:35,281 - INFO - Re-encryption completed for directory: /Users/chris/.password_manager/data
2024-05-27 14:42:35,282 - INFO - Periodic key rotation completed.
2024-05-27 14:43:51,821 - INFO - Logging initialized
2024-05-27 14:43:51,863 - INFO - Periodic key rotation task started.
2024-05-27 14:43:55,522 - INFO - Logging initialized
2024-05-27 14:43:55,560 - INFO - Periodic key rotation task started.
2024-05-27 14:43:55,604 - DEBUG - Derived key: b'BOiu_-BKBNcA0d4O1U8b3LZiH-8as6wCFE-PDSBuqow='
2024-05-27 14:43:55,604 - INFO - Re-encryption completed for directory: /Users/chris/.password_manager/data
2024-05-27 14:43:55,604 - INFO - Periodic key rotation completed.
2024-05-27 14:44:01,773 - INFO - Logging initialized
2024-05-27 14:44:01,809 - INFO - Periodic key rotation task started.
2024-05-27 14:44:01,852 - DEBUG - Derived key: b'BOiu_-BKBNcA0d4O1U8b3LZiH-8as6wCFE-PDSBuqow='
2024-05-27 14:44:01,853 - INFO - Re-encryption completed for directory: /Users/chris/.password_manager/data
2024-05-27 14:44:01,853 - INFO - Periodic key rotation completed.
2024-05-27 14:53:34,953 - INFO - Logging initialized
2024-05-27 14:53:34,994 - INFO - Periodic key rotation task started.
2024-05-27 14:53:35,038 - DEBUG - Derived key: b'BOiu_-BKBNcA0d4O1U8b3LZiH-8as6wCFE-PDSBuqow='
2024-05-27 14:53:35,038 - INFO - Re-encryption completed for directory: /Users/chris/.password_manager/data
2024-05-27 14:53:35,038 - INFO - Periodic key rotation completed.
2024-05-27 14:53:35,038 - INFO - Re-encryption completed for directory: /Users/chris/.password_manager/data
2024-05-27 14:53:38,535 - INFO - Logging initialized
2024-05-27 14:53:38,572 - INFO - Periodic key rotation task started.
2024-05-27 14:53:38,614 - DEBUG - Derived key: b'BOiu_-BKBNcA0d4O1U8b3LZiH-8as6wCFE-PDSBuqow='
2024-05-27 14:53:38,614 - INFO - Re-encryption completed for directory: /Users/chris/.password_manager/data
2024-05-27 14:53:38,614 - INFO - Periodic key rotation completed.
2024-05-27 14:53:38,615 - INFO - Re-encryption completed for directory: /Users/chris/.password_manager/data
2024-05-27 14:54:23,773 - INFO - Logging initialized
2024-05-27 14:54:23,835 - INFO - Periodic key rotation task started.
2024-05-27 14:54:26,567 - INFO - Logging initialized
2024-05-27 14:54:26,604 - INFO - Periodic key rotation task started.
2024-05-27 14:54:26,647 - DEBUG - Derived key: b'BOiu_-BKBNcA0d4O1U8b3LZiH-8as6wCFE-PDSBuqow='
2024-05-27 14:54:26,648 - INFO - Re-encryption completed for directory: /Users/chris/.password_manager/data
2024-05-27 14:54:26,648 - INFO - Periodic key rotation completed.
2024-05-27 14:54:57,813 - INFO - Logging initialized
2024-05-27 14:54:57,852 - INFO - Periodic key rotation task started.
2024-05-27 14:54:59,754 - INFO - Master password stored in encrypted form on disk.
2024-05-27 14:54:59,795 - DEBUG - Derived key: b'2AJ9HNQZwCuWAg70bYObzA1jKq6k4dOtf6KeixIA64M='
2024-05-27 14:54:59,795 - INFO - Master password stored.
2024-05-27 14:54:59,826 - DEBUG - Derived key: b'2AJ9HNQZwCuWAg70bYObzA1jKq6k4dOtf6KeixIA64M='
2024-05-27 14:54:59,826 - INFO - Re-encryption completed for directory: /Users/chris/.password_manager/data
2024-05-27 14:54:59,826 - INFO - Periodic key rotation completed.
2024-05-27 14:55:05,299 - INFO - Master password stored in encrypted form on disk.
2024-05-27 14:55:05,360 - DEBUG - Derived key: b'2AJ9HNQZwCuWAg70bYObzA1jKq6k4dOtf6KeixIA64M='
2024-05-27 14:55:05,360 - INFO - Master password stored.
2024-05-27 14:55:30,421 - INFO - Logging initialized
2024-05-27 14:55:30,459 - INFO - Periodic key rotation task started.
2024-05-27 14:55:33,792 - INFO - Master password stored in encrypted form on disk.
2024-05-27 14:55:33,832 - DEBUG - Derived key: b'k3otS-V3WIAA2O2XlQO5eVdbC0wLmSOp8-Qk9AggapY='
2024-05-27 14:55:33,832 - INFO - Master password stored.
2024-05-27 14:55:35,873 - INFO - Master password stored in encrypted form on disk.
2024-05-27 14:55:35,922 - DEBUG - Derived key: b'w229QPc8CEa2jX5prVfF0Bzqmti8NwpH1zka0zAQ1SE='
2024-05-27 14:55:35,922 - INFO - Master password stored.
2024-05-27 14:55:35,957 - DEBUG - Derived key: b'w229QPc8CEa2jX5prVfF0Bzqmti8NwpH1zka0zAQ1SE='
2024-05-27 14:55:35,957 - INFO - Re-encryption completed for directory: /Users/chris/.password_manager/data
2024-05-27 14:55:35,957 - INFO - Periodic key rotation completed.
2024-05-27 14:57:03,620 - INFO - Logging initialized
2024-05-27 14:57:03,660 - INFO - Periodic key rotation task started.
2024-05-27 14:57:05,643 - INFO - Master password stored in encrypted form on disk.
2024-05-27 14:57:05,682 - DEBUG - Derived key: b'20nj7-5ok2Us5LHgGUahN6LtEeW_Y9XGCE4RwoYFbIo='
2024-05-27 14:57:05,683 - INFO - Master password stored.
2024-05-27 14:57:05,718 - DEBUG - Derived key: b'20nj7-5ok2Us5LHgGUahN6LtEeW_Y9XGCE4RwoYFbIo='
2024-05-27 14:57:05,718 - INFO - Re-encryption completed for directory: /Users/chris/.password_manager/data
2024-05-27 14:57:05,718 - INFO - Periodic key rotation completed.
2024-05-27 14:57:09,887 - INFO - Master password stored in encrypted form on disk.
2024-05-27 14:57:09,946 - DEBUG - Derived key: b'20nj7-5ok2Us5LHgGUahN6LtEeW_Y9XGCE4RwoYFbIo='
2024-05-27 14:57:09,946 - INFO - Master password stored.
2024-05-27 14:57:18,779 - INFO - Logging initialized
2024-05-27 14:57:18,817 - INFO - Periodic key rotation task started.
2024-05-27 14:57:18,861 - DEBUG - Derived key: b'20nj7-5ok2Us5LHgGUahN6LtEeW_Y9XGCE4RwoYFbIo='
2024-05-27 14:57:18,861 - INFO - Re-encryption completed for directory: /Users/chris/.password_manager/data
2024-05-27 14:57:18,861 - INFO - Periodic key rotation completed.
2024-05-27 14:57:33,121 - INFO - Logging initialized
2024-05-27 14:57:33,159 - INFO - Periodic key rotation task started.
2024-05-27 14:57:41,167 - INFO - Master password stored in encrypted form on disk.
2024-05-27 14:57:41,208 - DEBUG - Derived key: b'Bpvew6zk0c4Et5e1SshCqwoU_C4dQBavLTkwVgPvf4A='
2024-05-27 14:57:41,208 - INFO - Master password stored.
2024-05-27 14:57:43,024 - INFO - Master password stored in encrypted form on disk.
2024-05-27 14:57:43,072 - DEBUG - Derived key: b'sU8bg_9h0p6Cj25pt516UvMotBzyKYTfpslmHv2c60w='
2024-05-27 14:57:43,072 - INFO - Master password stored.
2024-05-27 14:57:43,105 - DEBUG - Derived key: b'sU8bg_9h0p6Cj25pt516UvMotBzyKYTfpslmHv2c60w='
2024-05-27 14:57:43,105 - INFO - Re-encryption completed for directory: /Users/chris/.password_manager/data
2024-05-27 14:57:43,105 - INFO - Periodic key rotation completed.
2024-05-27 14:57:52,051 - INFO - Logging initialized
2024-05-27 14:57:52,088 - INFO - Periodic key rotation task started.
2024-05-27 14:57:52,131 - DEBUG - Derived key: b'sU8bg_9h0p6Cj25pt516UvMotBzyKYTfpslmHv2c60w='
2024-05-27 14:57:52,131 - INFO - Re-encryption completed for directory: /Users/chris/.password_manager/data
2024-05-27 14:57:52,131 - INFO - Periodic key rotation completed.
2024-05-27 14:58:10,552 - INFO - Logging initialized
2024-05-27 14:58:10,590 - INFO - Periodic key rotation task started.
2024-05-27 14:58:14,271 - INFO - Master password stored in encrypted form on disk.
2024-05-27 14:58:14,312 - DEBUG - Derived key: b'J_WkDBzIQXKvCzcyHJbrAOaEx8bnUP4ocG1mzLruDVA='
2024-05-27 14:58:14,312 - INFO - Master password stored.
2024-05-27 14:58:14,346 - DEBUG - Derived key: b'J_WkDBzIQXKvCzcyHJbrAOaEx8bnUP4ocG1mzLruDVA='
2024-05-27 14:58:14,346 - INFO - Re-encryption completed for directory: /Users/chris/.password_manager/data
2024-05-27 14:58:14,346 - INFO - Periodic key rotation completed.
2024-05-27 14:58:18,739 - INFO - Master password stored in encrypted form on disk.
2024-05-27 14:58:18,798 - DEBUG - Derived key: b'J_WkDBzIQXKvCzcyHJbrAOaEx8bnUP4ocG1mzLruDVA='
2024-05-27 14:58:18,798 - INFO - Master password stored.
2024-05-27 14:58:44,126 - INFO - Logging initialized
2024-05-27 14:58:44,164 - INFO - Periodic key rotation task started.
2024-05-27 14:58:44,208 - DEBUG - Derived key: b'J_WkDBzIQXKvCzcyHJbrAOaEx8bnUP4ocG1mzLruDVA='
2024-05-27 14:58:44,208 - INFO - Re-encryption completed for directory: /Users/chris/.password_manager/data
2024-05-27 14:58:44,208 - INFO - Periodic key rotation completed.
2024-05-27 14:58:59,966 - INFO - Logging initialized
2024-05-27 14:59:00,003 - INFO - Periodic key rotation task started.
2024-05-27 14:59:07,702 - INFO - Logging initialized
2024-05-27 14:59:07,738 - INFO - Periodic key rotation task started.
2024-05-27 14:59:07,782 - DEBUG - Derived key: b'J_WkDBzIQXKvCzcyHJbrAOaEx8bnUP4ocG1mzLruDVA='
2024-05-27 14:59:07,782 - INFO - Re-encryption completed for directory: /Users/chris/.password_manager/data
2024-05-27 14:59:07,782 - INFO - Periodic key rotation completed.
2024-05-27 14:59:11,936 - INFO - Master password stored in encrypted form on disk.
2024-05-27 14:59:11,985 - DEBUG - Derived key: b'6RdTA4JjRMyMipEZ5ixFY8oVMxX-aUZg6sD0RsXFO8Q='
2024-05-27 14:59:11,985 - INFO - Master password stored.
2024-05-27 14:59:14,566 - INFO - Logging initialized
2024-05-27 14:59:14,602 - INFO - Periodic key rotation task started.
2024-05-27 14:59:14,645 - DEBUG - Derived key: b'6RdTA4JjRMyMipEZ5ixFY8oVMxX-aUZg6sD0RsXFO8Q='
2024-05-27 14:59:14,645 - INFO - Re-encryption completed for directory: /Users/chris/.password_manager/data
2024-05-27 14:59:14,645 - INFO - Periodic key rotation completed.
2024-05-27 15:04:59,856 - INFO - Logging initialized
2024-05-27 15:05:01,922 - INFO - Master password stored in encrypted form on disk.
2024-05-27 15:05:01,963 - DEBUG - Derived key: b'fXmgopo3R1ku3Sff6N9Ip1sNvEodrNpmAU7DMcLmTZY='
2024-05-27 15:05:01,963 - INFO - Master password stored.
2024-05-27 15:05:05,834 - INFO - Periodic key rotation task started.
2024-05-27 15:05:05,834 - INFO - Re-encryption completed for directory: /Users/chris/.password_manager/data
2024-05-27 15:05:05,834 - INFO - Periodic key rotation completed.
2024-05-27 15:05:07,177 - INFO - Logging initialized
2024-05-27 15:07:52,596 - INFO - Logging initialized
2024-05-27 15:10:23,136 - INFO - Logging initialized
2024-05-27 15:10:25,119 - INFO - Master password stored in encrypted form on disk.
2024-05-27 15:10:25,161 - DEBUG - Derived key: b'Q5MFQQWFI91OzQK_joPp6Gb6CP7hjCTvMapaQLeQi_8='
2024-05-27 15:10:25,161 - INFO - Master password stored.
2024-05-27 15:10:31,459 - INFO - Periodic key rotation task started.
2024-05-27 15:10:31,460 - INFO - Re-encryption completed for directory: /Users/chris/.password_manager/data
2024-05-27 15:10:31,460 - INFO - Periodic key rotation completed.
2024-05-27 15:10:36,258 - INFO - Logging initialized
2024-05-27 15:10:36,341 - DEBUG - Derived key: b'Q5MFQQWFI91OzQK_joPp6Gb6CP7hjCTvMapaQLeQi_8='
2024-05-27 15:10:36,341 - INFO - Re-encryption completed for directory: /Users/chris/.password_manager/data
2024-05-27 15:10:38,468 - INFO - Logging initialized
2024-05-27 15:10:38,547 - DEBUG - Derived key: b'Q5MFQQWFI91OzQK_joPp6Gb6CP7hjCTvMapaQLeQi_8='
2024-05-27 15:10:38,547 - INFO - Re-encryption completed for directory: /Users/chris/.password_manager/data
2024-05-27 15:10:53,052 - INFO - Logging initialized
